<?xml version="1.0" encoding="UTF-8"?>
<!-- Generated by org.testng.reporters.JUnitReportReporter -->
<testsuite skipped="0" hostname="IXIA-DO-0002" name="testCases.HomePageTest" tests="2" failures="0" timestamp="09 Oct 2018 09:06:42 GMT" time="1.663" errors="0">
  <testcase name="verifyHomePageTitleTest" time="0.013" classname="testCases.HomePageTest"/>
  <testcase name="verifyContactsLinkTest" time="1.650" classname="testCases.HomePageTest"/>
</testsuite> <!-- testCases.HomePageTest -->
