<?xml version="1.0" encoding="UTF-8"?>
<!-- Generated by org.testng.reporters.JUnitReportReporter -->
<testsuite skipped="0" hostname="IXIA-DO-0002" name="testCases.LoginPageTest" tests="3" failures="0" timestamp="09 Oct 2018 06:53:22 GMT" time="20.910" errors="0">
  <testcase name="loginPageTitleTest" time="0.130" classname="testCases.LoginPageTest"/>
  <testcase name="crmLogoImageTest" time="0.377" classname="testCases.LoginPageTest"/>
  <testcase name="loginTest" time="20.403" classname="testCases.LoginPageTest"/>
</testsuite> <!-- testCases.LoginPageTest -->
